<?xml version="1.0" encoding="UTF-8"?>
<testsuite errors="0" failures="0" name="dongcai_block_test.block_write_tests.BlockWrite-20170929132545" skipped="0" tests="2" time="9.230">
	<testcase classname="dongcai_block_test.block_write_tests.BlockWrite" name="test_block_section_stock" time="7.891"/>
	<testcase classname="dongcai_block_test.block_write_tests.BlockWrite" name="test_save_data" time="1.339"/>
	<system-out>
<![CDATA[]]>	</system-out>
	<system-err>
<![CDATA[]]>	</system-err>
</testsuite>
