<?xml version="1.0" encoding="UTF-8"?>
<testsuite errors="0" failures="0" name="dongcai_block_test.block_write_tests.BlockWrite-20170928165733" skipped="0" tests="1" time="0.009">
	<testcase classname="dongcai_block_test.block_write_tests.BlockWrite" name="test_save_data" time="0.009"/>
	<system-out>
<![CDATA[]]>	</system-out>
	<system-err>
<![CDATA[]]>	</system-err>
</testsuite>
